<?xml version="1.0" encoding="UTF-8"?>
<testsuite name="UserRegistrationTest" tests="1" skipped="0" failures="0" errors="0" timestamp="2023-06-10T15:11:29" hostname="CAPTAIN_KID" time="0.023">
  <properties/>
  <testcase name="givenPasswordRule2_WhenProper_ShouldReturnTrue()" classname="UserRegistrationTest" time="0.023"/>
  <system-out><![CDATA[]]></system-out>
  <system-err><![CDATA[]]></system-err>
</testsuite>
