<?xml version="1.0" encoding="UTF-8"?>
<testsuite name="UserRegisterationTest" tests="1" skipped="0" failures="0" errors="0" timestamp="2023-06-10T14:45:40" hostname="CAPTAIN_KID" time="0.018">
  <properties/>
  <testcase name="givenFirstName_WhenProper_ShouldReturnTrue()" classname="UserRegisterationTest" time="0.018"/>
  <system-out><![CDATA[]]></system-out>
  <system-err><![CDATA[]]></system-err>
</testsuite>
