<?xml version="1.0" encoding="UTF-8"?>
<testsuite name="UserRegisterationTest" tests="4" skipped="0" failures="0" errors="0" timestamp="2023-06-10T15:04:13" hostname="CAPTAIN_KID" time="0.025">
  <properties/>
  <testcase name="givenMobileNumber_WhenProper_ShouldReturnTrue()" classname="UserRegisterationTest" time="0.018"/>
  <testcase name="givenFirstName_WhenProper_ShouldReturnTrue()" classname="UserRegisterationTest" time="0.001"/>
  <testcase name="givenLastName_WhenProper_ShouldReturnTrue()" classname="UserRegisterationTest" time="0.001"/>
  <testcase name="givenEmail_WhenProper_ShouldReturnTrue()" classname="UserRegisterationTest" time="0.001"/>
  <system-out><![CDATA[]]></system-out>
  <system-err><![CDATA[]]></system-err>
</testsuite>
