<?xml version="1.0" encoding="UTF-8"?>
<testsuite name="UserRegisterationTest" tests="1" skipped="0" failures="0" errors="0" timestamp="2023-06-10T15:01:01" hostname="CAPTAIN_KID" time="0.022">
  <properties/>
  <testcase name="givenEmail_WhenProper_ShouldReturnTrue()" classname="UserRegisterationTest" time="0.022"/>
  <system-out><![CDATA[]]></system-out>
  <system-err><![CDATA[]]></system-err>
</testsuite>
